<?xml version="1.0" encoding="UTF-8"?>
<!-- Generated by org.testng.reporters.JUnitReportReporter -->
<testsuite hostname="US-WASH-1PB2662" name="tests.Grid_2" tests="1" failures="0" timestamp="31 Oct 2017 20:03:34 GMT" time="31.272" errors="0">
  <testcase name="Test" time="31.272" classname="tests.Grid_2"/>
</testsuite> <!-- tests.Grid_2 -->
