<?xml version="1.0" encoding="UTF-8"?>
<!-- Generated by org.testng.reporters.JUnitReportReporter -->
<testsuite hostname="US-WASH-1PB2662" name="tests.Test01" tests="1" failures="0" timestamp="14 Nov 2017 20:47:55 GMT" time="3.556" errors="0">
  <testcase name="verifySearchButton" time="3.556" classname="tests.Test01"/>
</testsuite> <!-- tests.Test01 -->
