<?xml version="1.0" encoding="UTF-8"?>
<!-- Generated by org.testng.reporters.JUnitReportReporter -->
<testsuite hostname="US-WASH-1PB2662" name="mavenexample.Test01" tests="1" failures="0" timestamp="14 Nov 2017 19:38:07 GMT" time="1.336" errors="0">
  <testcase name="verifySearchButton" time="1.336" classname="mavenexample.Test01"/>
</testsuite> <!-- mavenexample.Test01 -->
