<?xml version="1.0" encoding="UTF-8"?>
<!-- Generated by org.testng.reporters.JUnitReportReporter -->
<testsuite hostname="US-WASH-1PB2662" name="com.oliulka.tests.BrowserTest" tests="1" failures="0" timestamp="26 Feb 2018 21:17:41 GMT" time="11.598" errors="0">
  <testcase name="FirstTest" time="11.598" classname="com.oliulka.tests.BrowserTest"/>
</testsuite> <!-- com.oliulka.tests.BrowserTest -->
