<?xml version="1.0" encoding="UTF-8"?>
<!-- Generated by org.testng.reporters.JUnitReportReporter -->
<testsuite hostname="US-WASH-1PB2662" name="com.oliulka.api.apitest.RestExample" tests="1" failures="0" timestamp="26 Feb 2018 21:33:27 GMT" time="1.746" errors="0">
  <testcase name="FirstTest" time="1.746" classname="com.oliulka.api.apitest.RestExample"/>
</testsuite> <!-- com.oliulka.api.apitest.RestExample -->
