<?xml version="1.0" encoding="UTF-8"?>
<!-- Generated by org.testng.reporters.JUnitReportReporter -->
<testsuite hostname="US-WASH-1PB2662" name="REST.RestExample" tests="1" failures="0" timestamp="29 Nov 2017 17:53:48 GMT" time="1.798" errors="0">
  <testcase name="FirstTest" time="1.798" classname="REST.RestExample"/>
</testsuite> <!-- REST.RestExample -->
